-------------------------------------------------------------------------------
Test set: com.st.market.stmarket.UserTest
-------------------------------------------------------------------------------
Tests run: 1, Failures: 1, Errors: 0, Skipped: 0, Time elapsed: 0.057 s <<< FAILURE! - in com.st.market.stmarket.UserTest
proceed  Time elapsed: 0.048 s  <<< FAILURE!
java.lang.AssertionError: Status expected:<200> but was:<404>
	at com.st.market.stmarket.UserTest.proceed(UserTest.java:46)

